[NX Daemon Server] - 2024-06-16T15:15:00.024Z - Started listening on: /var/folders/fp/n_sbkwd90b1bkply58dggyw80000gn/T/c9361e1fb3b2aae9381f/d.sock
[NX Daemon Server] - 2024-06-16T15:15:00.026Z - [WATCHER]: Subscribed to changes within: /Users/ky/Documents/repos/lobsinger-workspace (native)
[NX Daemon Server] - 2024-06-16T15:15:00.029Z - Established a connection. Number of open connections: 1
[NX Daemon Server] - 2024-06-16T15:15:00.030Z - Established a connection. Number of open connections: 2
[NX Daemon Server] - 2024-06-16T15:15:00.031Z - Closed a connection. Number of open connections: 1
[NX Daemon Server] - 2024-06-16T15:15:00.032Z - [REQUEST]: Responding to the client. handleGlob
[NX Daemon Server] - 2024-06-16T15:15:00.032Z - Done responding to the client handleGlob
[NX Daemon Server] - 2024-06-16T15:15:00.032Z - Handled GLOB. Handling time: 1. Response time: 0.
[NX Daemon Server] - 2024-06-16T15:15:00.055Z - [REQUEST]: Responding to the client. handleNxWorkspaceFiles
[NX Daemon Server] - 2024-06-16T15:15:00.055Z - Done responding to the client handleNxWorkspaceFiles
[NX Daemon Server] - 2024-06-16T15:15:00.055Z - Handled GET_NX_WORKSPACE_FILES. Handling time: 1. Response time: 0.
[NX Daemon Server] - 2024-06-16T15:15:00.480Z - Closed a connection. Number of open connections: 0
[NX Daemon Server] - 2024-06-16T15:16:34.757Z - Started listening on: /var/folders/fp/n_sbkwd90b1bkply58dggyw80000gn/T/c9361e1fb3b2aae9381f/d.sock
[NX Daemon Server] - 2024-06-16T15:16:34.759Z - [WATCHER]: Subscribed to changes within: /Users/ky/Documents/repos/lobsinger-workspace (native)
[NX Daemon Server] - 2024-06-16T15:16:34.767Z - Established a connection. Number of open connections: 1
[NX Daemon Server] - 2024-06-16T15:16:34.767Z - Established a connection. Number of open connections: 2
[NX Daemon Server] - 2024-06-16T15:16:34.768Z - Closed a connection. Number of open connections: 1
[NX Daemon Server] - 2024-06-16T15:16:34.769Z - [REQUEST]: Responding to the client. handleGlob
[NX Daemon Server] - 2024-06-16T15:16:34.769Z - Done responding to the client handleGlob
[NX Daemon Server] - 2024-06-16T15:16:34.769Z - Handled GLOB. Handling time: 1. Response time: 0.
[NX Daemon Server] - 2024-06-16T15:16:34.789Z - [REQUEST]: Responding to the client. handleNxWorkspaceFiles
[NX Daemon Server] - 2024-06-16T15:16:34.789Z - Done responding to the client handleNxWorkspaceFiles
[NX Daemon Server] - 2024-06-16T15:16:34.789Z - Handled GET_NX_WORKSPACE_FILES. Handling time: 1. Response time: 0.
[NX Daemon Server] - 2024-06-16T15:16:34.803Z - Closed a connection. Number of open connections: 0
[NX Daemon Server] - 2024-06-16T15:30:38.653Z - Started listening on: /var/folders/fp/n_sbkwd90b1bkply58dggyw80000gn/T/c9361e1fb3b2aae9381f/d.sock
[NX Daemon Server] - 2024-06-16T15:30:38.656Z - [WATCHER]: Subscribed to changes within: /Users/ky/Documents/repos/lobsinger-workspace (native)
[NX Daemon Server] - 2024-06-16T15:30:38.663Z - Established a connection. Number of open connections: 1
[NX Daemon Server] - 2024-06-16T15:30:38.663Z - Established a connection. Number of open connections: 2
[NX Daemon Server] - 2024-06-16T15:30:38.664Z - Closed a connection. Number of open connections: 1
[NX Daemon Server] - 2024-06-16T15:30:38.664Z - [REQUEST]: Client Request for Project Graph Received
[NX Daemon Server] - 2024-06-16T15:30:38.669Z - [REQUEST]: Updated workspace context based on watched changes, recomputing project graph...
[NX Daemon Server] - 2024-06-16T15:30:38.669Z - [REQUEST]: 
[NX Daemon Server] - 2024-06-16T15:30:38.669Z - [REQUEST]: 
[NX Daemon Server] - 2024-06-16T15:30:38.767Z - [REQUEST]: Responding to the client. project-graph
[NX Daemon Server] - 2024-06-16T15:30:38.767Z - Time taken for 'total for creating and serializing project graph' 102.529042ms
[NX Daemon Server] - 2024-06-16T15:30:38.769Z - Done responding to the client project-graph
[NX Daemon Server] - 2024-06-16T15:30:38.769Z - Handled REQUEST_PROJECT_GRAPH. Handling time: 103. Response time: 2.
[NX Daemon Server] - 2024-06-16T15:30:38.797Z - [REQUEST]: Responding to the client. handleHashTasks
[NX Daemon Server] - 2024-06-16T15:30:38.797Z - Done responding to the client handleHashTasks
[NX Daemon Server] - 2024-06-16T15:30:38.797Z - Handled HASH_TASKS. Handling time: 10. Response time: 0.
[NX Daemon Server] - 2024-06-16T15:30:39.135Z - [WATCHER]: Processing file changes in outputs
[NX Daemon Server] - 2024-06-16T15:30:40.418Z - [WATCHER]: Processing file changes in outputs
[NX Daemon Server] - 2024-06-16T15:30:43.978Z - Established a connection. Number of open connections: 2
[NX Daemon Server] - 2024-06-16T15:30:43.979Z - Closed a connection. Number of open connections: 1
[NX Daemon Server] - 2024-06-16T15:30:43.979Z - Established a connection. Number of open connections: 2
[NX Daemon Server] - 2024-06-16T15:30:43.980Z - [REQUEST]: Client Request for Project Graph Received
[NX Daemon Server] - 2024-06-16T15:30:43.980Z - [REQUEST]: Responding to the client. project-graph
[NX Daemon Server] - 2024-06-16T15:30:43.980Z - Time taken for 'total for creating and serializing project graph' 0.05095900000014808ms
[NX Daemon Server] - 2024-06-16T15:30:43.982Z - Done responding to the client project-graph
[NX Daemon Server] - 2024-06-16T15:30:43.983Z - Handled REQUEST_PROJECT_GRAPH. Handling time: 0. Response time: 3.
[NX Daemon Server] - 2024-06-16T15:30:44.007Z - [REQUEST]: Responding to the client. handleHashTasks
[NX Daemon Server] - 2024-06-16T15:30:44.007Z - Done responding to the client handleHashTasks
[NX Daemon Server] - 2024-06-16T15:30:44.007Z - Handled HASH_TASKS. Handling time: 6. Response time: 0.
[NX Daemon Server] - 2024-06-16T15:30:44.202Z - Established a connection. Number of open connections: 3
[NX Daemon Server] - 2024-06-16T15:30:44.202Z - Closed a connection. Number of open connections: 2
[NX Daemon Server] - 2024-06-16T15:30:44.202Z - Established a connection. Number of open connections: 3
[NX Daemon Server] - 2024-06-16T15:30:44.203Z - [REQUEST]: Client Request for Project Graph Received
[NX Daemon Server] - 2024-06-16T15:30:44.203Z - [REQUEST]: Responding to the client. project-graph
[NX Daemon Server] - 2024-06-16T15:30:44.204Z - Time taken for 'total for creating and serializing project graph' 0.08104199999979755ms
[NX Daemon Server] - 2024-06-16T15:30:44.206Z - Done responding to the client project-graph
[NX Daemon Server] - 2024-06-16T15:30:44.207Z - Handled REQUEST_PROJECT_GRAPH. Handling time: 0. Response time: 4.
[NX Daemon Server] - 2024-06-16T15:30:44.471Z - [WATCHER]: Processing file changes in outputs
[NX Daemon Server] - 2024-06-16T15:30:44.525Z - [WATCHER]: Processing file changes in outputs
[NX Daemon Server] - 2024-06-16T15:30:44.910Z - [WATCHER]: Processing file changes in outputs
[NX Daemon Server] - 2024-06-16T15:30:45.467Z - [WATCHER]: Processing file changes in outputs
[NX Daemon Server] - 2024-06-16T15:30:45.560Z - [WATCHER]: Processing file changes in outputs
[NX Daemon Server] - 2024-06-16T15:30:46.166Z - [WATCHER]: Processing file changes in outputs
[NX Daemon Server] - 2024-06-16T15:30:49.119Z - [WATCHER]: Processing file changes in outputs
[NX Daemon Server] - 2024-06-16T15:31:13.024Z - Closed a connection. Number of open connections: 2
[NX Daemon Server] - 2024-06-16T15:31:13.034Z - Closed a connection. Number of open connections: 1
[NX Daemon Server] - 2024-06-16T15:31:13.415Z - Closed a connection. Number of open connections: 0
[NX Daemon Server] - 2024-06-16T15:31:20.784Z - Established a connection. Number of open connections: 1
[NX Daemon Server] - 2024-06-16T15:31:20.784Z - Closed a connection. Number of open connections: 0
[NX Daemon Server] - 2024-06-16T15:31:20.785Z - Established a connection. Number of open connections: 1
[NX Daemon Server] - 2024-06-16T15:31:20.786Z - [REQUEST]: Client Request for Project Graph Received
[NX Daemon Server] - 2024-06-16T15:31:20.786Z - [REQUEST]: Responding to the client. project-graph
[NX Daemon Server] - 2024-06-16T15:31:20.786Z - Time taken for 'total for creating and serializing project graph' 0.15558400000008987ms
[NX Daemon Server] - 2024-06-16T15:31:20.788Z - Done responding to the client project-graph
[NX Daemon Server] - 2024-06-16T15:31:20.788Z - Handled REQUEST_PROJECT_GRAPH. Handling time: 0. Response time: 2.
[NX Daemon Server] - 2024-06-16T15:31:20.811Z - [REQUEST]: Responding to the client. handleHashTasks
[NX Daemon Server] - 2024-06-16T15:31:20.811Z - Done responding to the client handleHashTasks
[NX Daemon Server] - 2024-06-16T15:31:20.811Z - Handled HASH_TASKS. Handling time: 5. Response time: 0.
[NX Daemon Server] - 2024-06-16T15:31:21.139Z - [WATCHER]: Processing file changes in outputs
[NX Daemon Server] - 2024-06-16T15:31:22.147Z - [WATCHER]: Processing file changes in outputs
[NX Daemon Server] - 2024-06-16T15:31:25.568Z - Established a connection. Number of open connections: 2
[NX Daemon Server] - 2024-06-16T15:31:25.569Z - Closed a connection. Number of open connections: 1
[NX Daemon Server] - 2024-06-16T15:31:25.569Z - Established a connection. Number of open connections: 2
[NX Daemon Server] - 2024-06-16T15:31:25.570Z - [REQUEST]: Client Request for Project Graph Received
[NX Daemon Server] - 2024-06-16T15:31:25.570Z - [REQUEST]: Responding to the client. project-graph
[NX Daemon Server] - 2024-06-16T15:31:25.571Z - Time taken for 'total for creating and serializing project graph' 0.07854100000258768ms
[NX Daemon Server] - 2024-06-16T15:31:25.572Z - Done responding to the client project-graph
[NX Daemon Server] - 2024-06-16T15:31:25.572Z - Handled REQUEST_PROJECT_GRAPH. Handling time: 0. Response time: 2.
[NX Daemon Server] - 2024-06-16T15:31:25.598Z - [REQUEST]: Responding to the client. handleHashTasks
[NX Daemon Server] - 2024-06-16T15:31:25.598Z - Done responding to the client handleHashTasks
[NX Daemon Server] - 2024-06-16T15:31:25.598Z - Handled HASH_TASKS. Handling time: 7. Response time: 0.
[NX Daemon Server] - 2024-06-16T15:31:25.794Z - Established a connection. Number of open connections: 3
[NX Daemon Server] - 2024-06-16T15:31:25.795Z - Closed a connection. Number of open connections: 2
[NX Daemon Server] - 2024-06-16T15:31:25.795Z - Established a connection. Number of open connections: 3
[NX Daemon Server] - 2024-06-16T15:31:25.796Z - [REQUEST]: Client Request for Project Graph Received
[NX Daemon Server] - 2024-06-16T15:31:25.796Z - [REQUEST]: Responding to the client. project-graph
[NX Daemon Server] - 2024-06-16T15:31:25.796Z - Time taken for 'total for creating and serializing project graph' 0.07654200000251876ms
[NX Daemon Server] - 2024-06-16T15:31:25.799Z - Done responding to the client project-graph
[NX Daemon Server] - 2024-06-16T15:31:25.799Z - Handled REQUEST_PROJECT_GRAPH. Handling time: 0. Response time: 3.
[NX Daemon Server] - 2024-06-16T15:31:27.586Z - [WATCHER]: Processing file changes in outputs
[NX Daemon Server] - 2024-06-16T15:31:27.846Z - [WATCHER]: Processing file changes in outputs
[NX Daemon Server] - 2024-06-16T15:31:27.956Z - [WATCHER]: Processing file changes in outputs
[NX Daemon Server] - 2024-06-16T15:31:28.017Z - [WATCHER]: Processing file changes in outputs
[NX Daemon Server] - 2024-06-16T15:31:28.375Z - [WATCHER]: Processing file changes in outputs
[NX Daemon Server] - 2024-06-16T15:31:28.433Z - [WATCHER]: Processing file changes in outputs
[NX Daemon Server] - 2024-06-16T15:31:28.493Z - [WATCHER]: Processing file changes in outputs
[NX Daemon Server] - 2024-06-16T15:31:28.605Z - [WATCHER]: Processing file changes in outputs
[NX Daemon Server] - 2024-06-16T15:31:28.668Z - [WATCHER]: Processing file changes in outputs
[NX Daemon Server] - 2024-06-16T15:31:28.818Z - [WATCHER]: Processing file changes in outputs
[NX Daemon Server] - 2024-06-16T15:31:29.220Z - [WATCHER]: Processing file changes in outputs
[NX Daemon Server] - 2024-06-16T15:31:29.288Z - [WATCHER]: Processing file changes in outputs
[NX Daemon Server] - 2024-06-16T15:31:29.472Z - [WATCHER]: Processing file changes in outputs
[NX Daemon Server] - 2024-06-16T15:31:29.713Z - [WATCHER]: Processing file changes in outputs
[NX Daemon Server] - 2024-06-16T15:31:29.809Z - [WATCHER]: Processing file changes in outputs
[NX Daemon Server] - 2024-06-16T15:31:29.894Z - [WATCHER]: Processing file changes in outputs
[NX Daemon Server] - 2024-06-16T15:31:29.955Z - [WATCHER]: Processing file changes in outputs
[NX Daemon Server] - 2024-06-16T15:31:30.010Z - [WATCHER]: Processing file changes in outputs
[NX Daemon Server] - 2024-06-16T15:31:30.063Z - [WATCHER]: Processing file changes in outputs
[NX Daemon Server] - 2024-06-16T15:31:30.134Z - [WATCHER]: Processing file changes in outputs
[NX Daemon Server] - 2024-06-16T15:31:30.186Z - [WATCHER]: Processing file changes in outputs
[NX Daemon Server] - 2024-06-16T15:31:30.242Z - [WATCHER]: Processing file changes in outputs
[NX Daemon Server] - 2024-06-16T15:31:30.313Z - [WATCHER]: Processing file changes in outputs
[NX Daemon Server] - 2024-06-16T15:31:30.368Z - [WATCHER]: Processing file changes in outputs
[NX Daemon Server] - 2024-06-16T15:31:30.427Z - [WATCHER]: Processing file changes in outputs
[NX Daemon Server] - 2024-06-16T15:31:30.483Z - [WATCHER]: Processing file changes in outputs
[NX Daemon Server] - 2024-06-16T15:31:30.542Z - [WATCHER]: Processing file changes in outputs
[NX Daemon Server] - 2024-06-16T15:31:30.603Z - [WATCHER]: Processing file changes in outputs
[NX Daemon Server] - 2024-06-16T15:31:30.664Z - [WATCHER]: Processing file changes in outputs
[NX Daemon Server] - 2024-06-16T15:31:30.733Z - [WATCHER]: Processing file changes in outputs
[NX Daemon Server] - 2024-06-16T15:31:30.786Z - [WATCHER]: Processing file changes in outputs
[NX Daemon Server] - 2024-06-16T15:31:30.864Z - [WATCHER]: Processing file changes in outputs
[NX Daemon Server] - 2024-06-16T15:31:30.925Z - [WATCHER]: Processing file changes in outputs
[NX Daemon Server] - 2024-06-16T15:31:30.999Z - [WATCHER]: Processing file changes in outputs
[NX Daemon Server] - 2024-06-16T15:31:31.086Z - [WATCHER]: Processing file changes in outputs
[NX Daemon Server] - 2024-06-16T15:31:31.150Z - [WATCHER]: Processing file changes in outputs
[NX Daemon Server] - 2024-06-16T15:31:31.205Z - [WATCHER]: Processing file changes in outputs
[NX Daemon Server] - 2024-06-16T15:31:31.262Z - [WATCHER]: Processing file changes in outputs
[NX Daemon Server] - 2024-06-16T15:31:31.334Z - [WATCHER]: Processing file changes in outputs
[NX Daemon Server] - 2024-06-16T15:31:31.388Z - [WATCHER]: Processing file changes in outputs
[NX Daemon Server] - 2024-06-16T15:31:31.450Z - [WATCHER]: Processing file changes in outputs
[NX Daemon Server] - 2024-06-16T15:31:31.502Z - [WATCHER]: Processing file changes in outputs
[NX Daemon Server] - 2024-06-16T15:31:31.562Z - [WATCHER]: Processing file changes in outputs
[NX Daemon Server] - 2024-06-16T15:31:31.639Z - [WATCHER]: Processing file changes in outputs
[NX Daemon Server] - 2024-06-16T15:31:31.703Z - [WATCHER]: Processing file changes in outputs
[NX Daemon Server] - 2024-06-16T15:31:31.797Z - [WATCHER]: Processing file changes in outputs
[NX Daemon Server] - 2024-06-16T15:31:31.850Z - [WATCHER]: Processing file changes in outputs
[NX Daemon Server] - 2024-06-16T15:31:31.911Z - [WATCHER]: Processing file changes in outputs
[NX Daemon Server] - 2024-06-16T15:31:31.969Z - [WATCHER]: Processing file changes in outputs
[NX Daemon Server] - 2024-06-16T15:31:32.021Z - [WATCHER]: Processing file changes in outputs
[NX Daemon Server] - 2024-06-16T15:31:32.077Z - [WATCHER]: Processing file changes in outputs
[NX Daemon Server] - 2024-06-16T15:31:32.131Z - [WATCHER]: Processing file changes in outputs
[NX Daemon Server] - 2024-06-16T15:31:32.183Z - [WATCHER]: Processing file changes in outputs
[NX Daemon Server] - 2024-06-16T15:31:32.242Z - [WATCHER]: Processing file changes in outputs
[NX Daemon Server] - 2024-06-16T15:31:32.298Z - [WATCHER]: Processing file changes in outputs
[NX Daemon Server] - 2024-06-16T15:31:32.357Z - [WATCHER]: Processing file changes in outputs
[NX Daemon Server] - 2024-06-16T15:31:32.739Z - [WATCHER]: Processing file changes in outputs
[NX Daemon Server] - 2024-06-16T15:31:32.791Z - [WATCHER]: Processing file changes in outputs
[NX Daemon Server] - 2024-06-16T15:31:32.861Z - [WATCHER]: Processing file changes in outputs
[NX Daemon Server] - 2024-06-16T15:31:32.963Z - [WATCHER]: Processing file changes in outputs
[NX Daemon Server] - 2024-06-16T15:31:33.121Z - [WATCHER]: Processing file changes in outputs
[NX Daemon Server] - 2024-06-16T15:31:33.177Z - [WATCHER]: Processing file changes in outputs
[NX Daemon Server] - 2024-06-16T15:31:33.234Z - [WATCHER]: Processing file changes in outputs
[NX Daemon Server] - 2024-06-16T15:31:33.307Z - [WATCHER]: Processing file changes in outputs
[NX Daemon Server] - 2024-06-16T15:31:37.433Z - [WATCHER]: Processing file changes in outputs
[NX Daemon Server] - 2024-06-16T15:31:42.551Z - Closed a connection. Number of open connections: 2
[NX Daemon Server] - 2024-06-16T15:31:42.606Z - Closed a connection. Number of open connections: 1
[NX Daemon Server] - 2024-06-16T15:31:42.947Z - Closed a connection. Number of open connections: 0
[NX Daemon Server] - 2024-06-16T15:32:09.282Z - [WATCHER]: migrations.json was deleted
[NX Daemon Server] - 2024-06-16T15:32:09.282Z - [WATCHER]: Processing file changes in outputs
[NX Daemon Server] - 2024-06-16T15:32:09.384Z - [REQUEST]: Updated workspace context based on watched changes, recomputing project graph...
[NX Daemon Server] - 2024-06-16T15:32:09.384Z - [REQUEST]: 
[NX Daemon Server] - 2024-06-16T15:32:09.384Z - [REQUEST]: migrations.json
[NX Daemon Server] - 2024-06-16T15:32:09.430Z - Time taken for 'hash changed files from watcher' 0.7027910000033444ms
[NX Daemon Server] - 2024-09-08T14:59:41.911Z - Started listening on: /var/folders/fp/n_sbkwd90b1bkply58dggyw80000gn/T/306080f8ca2ab8e094fe/d.sock
[NX Daemon Server] - 2024-09-08T14:59:41.913Z - [WATCHER]: Subscribed to changes within: /Users/ky/Documents/repos/lobsinger-monorepo/lobsinger-workspace (native)
[NX Daemon Server] - 2024-09-08T14:59:41.921Z - Established a connection. Number of open connections: 1
[NX Daemon Server] - 2024-09-08T14:59:41.921Z - Established a connection. Number of open connections: 2
[NX Daemon Server] - 2024-09-08T14:59:41.922Z - Closed a connection. Number of open connections: 1
[NX Daemon Server] - 2024-09-08T14:59:41.922Z - [REQUEST]: Client Request for Project Graph Received
[NX Daemon Server] - 2024-09-08T14:59:41.928Z - [REQUEST]: Updated workspace context based on watched changes, recomputing project graph...
[NX Daemon Server] - 2024-09-08T14:59:41.928Z - [REQUEST]: 
[NX Daemon Server] - 2024-09-08T14:59:41.928Z - [REQUEST]: 
[NX Daemon Server] - 2024-09-08T14:59:41.995Z - [REQUEST]: Responding to the client. project-graph
[NX Daemon Server] - 2024-09-08T14:59:41.996Z - Time taken for 'total for creating and serializing project graph' 72.330125ms
[NX Daemon Server] - 2024-09-08T14:59:41.997Z - [WATCHER]: .nx/workspace-data/d/server-process.json was created or restored
[NX Daemon Server] - 2024-09-08T14:59:41.999Z - Done responding to the client project-graph
[NX Daemon Server] - 2024-09-08T14:59:41.999Z - Handled REQUEST_PROJECT_GRAPH. Handling time: 73. Response time: 4.
[NX Daemon Server] - 2024-09-08T14:59:42.002Z - [REQUEST]: Responding to the client. handleContextFileData
[NX Daemon Server] - 2024-09-08T14:59:42.003Z - Done responding to the client handleContextFileData
[NX Daemon Server] - 2024-09-08T14:59:42.003Z - Handled GET_CONTEXT_FILE_DATA. Handling time: 0. Response time: 1.
[NX Daemon Server] - 2024-09-08T14:59:42.005Z - Closed a connection. Number of open connections: 0
[NX Daemon Server] - 2024-09-08T14:59:42.098Z - [REQUEST]: Updated workspace context based on watched changes, recomputing project graph...
[NX Daemon Server] - 2024-09-08T14:59:42.099Z - [REQUEST]: .nx/workspace-data/d/server-process.json
[NX Daemon Server] - 2024-09-08T14:59:42.099Z - [REQUEST]: 
[NX Daemon Server] - 2024-09-08T14:59:42.128Z - Established a connection. Number of open connections: 1
[NX Daemon Server] - 2024-09-08T14:59:42.128Z - Time taken for 'hash changed files from watcher' 0.3780409999999961ms
[NX Daemon Server] - 2024-09-08T14:59:42.128Z - Established a connection. Number of open connections: 2
[NX Daemon Server] - 2024-09-08T14:59:42.129Z - Closed a connection. Number of open connections: 1
[NX Daemon Server] - 2024-09-08T14:59:42.129Z - [REQUEST]: Client Request for Project Graph Received
[NX Daemon Server] - 2024-09-08T14:59:42.129Z - [REQUEST]: Responding to the client. project-graph
[NX Daemon Server] - 2024-09-08T14:59:42.130Z - Time taken for 'total for creating and serializing project graph' 0.0599589999999921ms
[NX Daemon Server] - 2024-09-08T14:59:42.131Z - Done responding to the client project-graph
[NX Daemon Server] - 2024-09-08T14:59:42.131Z - Handled REQUEST_PROJECT_GRAPH. Handling time: 0. Response time: 2.
[NX Daemon Server] - 2024-09-08T14:59:42.134Z - [REQUEST]: Client Request for Project Graph Received
[NX Daemon Server] - 2024-09-08T14:59:42.135Z - [REQUEST]: Responding to the client. project-graph
[NX Daemon Server] - 2024-09-08T14:59:42.136Z - Time taken for 'total for creating and serializing project graph' 0.08333400000003621ms
[NX Daemon Server] - 2024-09-08T14:59:42.137Z - Done responding to the client project-graph
[NX Daemon Server] - 2024-09-08T14:59:42.137Z - Handled REQUEST_PROJECT_GRAPH. Handling time: 1. Response time: 2.
[NX Daemon Server] - 2024-09-08T14:59:42.139Z - Established a connection. Number of open connections: 2
[NX Daemon Server] - 2024-09-08T15:00:18.884Z - Established a connection. Number of open connections: 3
[NX Daemon Server] - 2024-09-08T15:00:18.885Z - Closed a connection. Number of open connections: 2
[NX Daemon Server] - 2024-09-08T15:00:18.885Z - Established a connection. Number of open connections: 3
[NX Daemon Server] - 2024-09-08T15:00:18.887Z - [REQUEST]: Responding to the client with an error. Invalid payload from the client Unsupported payload sent to daemon server: {"type":"FORCE_SHUTDOWN"}
Error: Unsupported payload sent to daemon server: {"type":"FORCE_SHUTDOWN"}
    at handleMessage (/Users/ky/Documents/repos/lobsinger-monorepo/lobsinger-workspace/node_modules/nx/src/daemon/server/server.js:125:104)
    at /Users/ky/Documents/repos/lobsinger-monorepo/lobsinger-workspace/node_modules/nx/src/daemon/server/server.js:55:15
    at Socket.<anonymous> (/Users/ky/Documents/repos/lobsinger-monorepo/lobsinger-workspace/node_modules/nx/src/utils/consume-messages-from-socket.js:13:17)
    at Socket.emit (node:events:519:28)
    at addChunk (node:internal/streams/readable:559:12)
    at readableAddChunkPushByteMode (node:internal/streams/readable:510:3)
    at Readable.push (node:internal/streams/readable:390:5)
    at Pipe.onStreamRead (node:internal/stream_base_commons:191:23)
[NX Daemon Server] - 2024-09-08T15:00:18.887Z - Done responding to the client null
[NX Daemon Server] - 2024-09-08T15:00:32.591Z - Closed a connection. Number of open connections: 2
[NX Daemon Server] - 2024-09-08T15:00:32.647Z - [WATCHER]: 1 file(s) created or restored, 1 file(s) modified, 0 file(s) deleted
[NX Daemon Server] - 2024-09-08T15:00:32.647Z - [REQUEST]: Responding to the client. File watch changed
[NX Daemon Server] - 2024-09-08T15:00:32.647Z - Done responding to the client File watch changed
[NX Daemon Server] - 2024-09-08T15:00:32.647Z - Handled FILE-WATCH-CHANGED. Handling time: 0. Response time: 0.
[NX Daemon Server] - 2024-09-08T15:00:32.647Z - [WATCHER]: Processing file changes in outputs
[NX Daemon Server] - 2024-09-08T15:00:32.647Z - Time taken for 'changed-projects' 0.10650000000168802ms
[NX Daemon Server] - 2024-09-08T15:00:32.749Z - [REQUEST]: Updated workspace context based on watched changes, recomputing project graph...
[NX Daemon Server] - 2024-09-08T15:00:32.749Z - [REQUEST]: migrations.json,package.json
[NX Daemon Server] - 2024-09-08T15:00:32.749Z - [REQUEST]: 
[NX Daemon Server] - 2024-09-08T15:00:32.781Z - [REQUEST]: Responding to the client. File watch changed
[NX Daemon Server] - 2024-09-08T15:00:32.781Z - Done responding to the client File watch changed
[NX Daemon Server] - 2024-09-08T15:00:32.781Z - Handled FILE-WATCH-CHANGED. Handling time: 0. Response time: 0.
[NX Daemon Server] - 2024-09-08T15:00:32.782Z - Time taken for 'hash changed files from watcher' 0.5237909999996191ms
[NX Daemon Server] - 2024-09-08T15:00:33.785Z - [REQUEST]: Client Request for Project Graph Received
[NX Daemon Server] - 2024-09-08T15:00:33.786Z - [REQUEST]: Responding to the client. project-graph
[NX Daemon Server] - 2024-09-08T15:00:33.788Z - Time taken for 'total for creating and serializing project graph' 0.22608300000138115ms
[NX Daemon Server] - 2024-09-08T15:00:33.791Z - Done responding to the client project-graph
[NX Daemon Server] - 2024-09-08T15:00:33.792Z - Handled REQUEST_PROJECT_GRAPH. Handling time: 1. Response time: 6.
[NX Daemon Server] - 2024-09-08T15:00:33.797Z - [REQUEST]: Responding to the client. handleContextFileData
[NX Daemon Server] - 2024-09-08T15:00:33.798Z - Done responding to the client handleContextFileData
[NX Daemon Server] - 2024-09-08T15:00:33.798Z - Handled GET_CONTEXT_FILE_DATA. Handling time: 0. Response time: 1.
[NX Daemon Server] - 2024-09-08T15:00:33.799Z - Closed a connection. Number of open connections: 1
[NX Daemon Server] - 2024-09-08T15:00:33.859Z - Closed a connection. Number of open connections: 0
[NX Daemon Server] - 2024-09-08T15:00:33.961Z - Started listening on: /var/folders/fp/n_sbkwd90b1bkply58dggyw80000gn/T/306080f8ca2ab8e094fe/d.sock
[NX Daemon Server] - 2024-09-08T15:00:33.963Z - [WATCHER]: Subscribed to changes within: /Users/ky/Documents/repos/lobsinger-monorepo/lobsinger-workspace (native)
[NX Daemon Server] - 2024-09-08T15:00:33.969Z - Established a connection. Number of open connections: 1
[NX Daemon Server] - 2024-09-08T15:00:33.970Z - Established a connection. Number of open connections: 2
[NX Daemon Server] - 2024-09-08T15:00:33.970Z - Closed a connection. Number of open connections: 1
[NX Daemon Server] - 2024-09-08T15:00:33.971Z - [REQUEST]: Client Request for Project Graph Received
[NX Daemon Server] - 2024-09-08T15:00:33.976Z - [REQUEST]: Updated workspace context based on watched changes, recomputing project graph...
[NX Daemon Server] - 2024-09-08T15:00:33.976Z - [REQUEST]: 
[NX Daemon Server] - 2024-09-08T15:00:33.976Z - [REQUEST]: 
[NX Daemon Server] - 2024-09-08T15:00:34.013Z - [REQUEST]: Responding to the client. project-graph
[NX Daemon Server] - 2024-09-08T15:00:34.014Z - Time taken for 'total for creating and serializing project graph' 42.17712499999999ms
[NX Daemon Server] - 2024-09-08T15:00:34.015Z - Done responding to the client project-graph
[NX Daemon Server] - 2024-09-08T15:00:34.015Z - Handled REQUEST_PROJECT_GRAPH. Handling time: 42. Response time: 2.
[NX Daemon Server] - 2024-09-08T15:00:34.018Z - [REQUEST]: Client Request for Project Graph Received
[NX Daemon Server] - 2024-09-08T15:00:34.018Z - [REQUEST]: Responding to the client. project-graph
[NX Daemon Server] - 2024-09-08T15:00:34.020Z - Time taken for 'total for creating and serializing project graph' 0.06137499999999818ms
[NX Daemon Server] - 2024-09-08T15:00:34.022Z - [WATCHER]: .nx/workspace-data/d/server-process.json was modified
[NX Daemon Server] - 2024-09-08T15:00:34.022Z - [WATCHER]: Stopping the watcher for /Users/ky/Documents/repos/lobsinger-monorepo/lobsinger-workspace (sources)
[NX Daemon Server] - 2024-09-08T15:00:34.022Z - [WATCHER]: Stopping the watcher for /Users/ky/Documents/repos/lobsinger-monorepo/lobsinger-workspace (outputs)
[NX Daemon Server] - 2024-09-08T15:00:34.022Z - Server stopped because: "this process is no longer the current daemon (native)"
[NX Daemon Server] - 2024-09-08T15:00:34.022Z - [WATCHER]: .nx/workspace-data/d/server-process.json was modified
[NX Daemon Server] - 2024-09-08T15:00:34.023Z - Done responding to the client project-graph
[NX Daemon Server] - 2024-09-08T15:00:34.023Z - Handled REQUEST_PROJECT_GRAPH. Handling time: 0. Response time: 5.
[NX Daemon Server] - 2024-09-08T15:00:34.125Z - [REQUEST]: Updated workspace context based on watched changes, recomputing project graph...
[NX Daemon Server] - 2024-09-08T15:00:34.126Z - [REQUEST]: .nx/workspace-data/d/server-process.json
[NX Daemon Server] - 2024-09-08T15:00:34.126Z - [REQUEST]: 
[NX Daemon Server] - 2024-09-08T15:00:34.158Z - [REQUEST]: Client Request for Project Graph Received
[NX Daemon Server] - 2024-09-08T15:00:34.158Z - [REQUEST]: Responding to the client. project-graph
[NX Daemon Server] - 2024-09-08T15:00:34.159Z - Time taken for 'hash changed files from watcher' 0.5611669999999833ms
[NX Daemon Server] - 2024-09-08T15:00:34.161Z - Done responding to the client project-graph
[NX Daemon Server] - 2024-09-08T15:00:34.161Z - Handled REQUEST_PROJECT_GRAPH. Handling time: 0. Response time: 3.
[NX Daemon Server] - 2024-09-08T15:00:34.164Z - [REQUEST]: Client Request for Project Graph Received
[NX Daemon Server] - 2024-09-08T15:00:34.164Z - [REQUEST]: Responding to the client. project-graph
[NX Daemon Server] - 2024-09-08T15:00:34.165Z - Time taken for 'total for creating and serializing project graph' 0.059082999999986896ms
[NX Daemon Server] - 2024-09-08T15:00:34.166Z - Done responding to the client project-graph
[NX Daemon Server] - 2024-09-08T15:00:34.166Z - Handled REQUEST_PROJECT_GRAPH. Handling time: 0. Response time: 2.
[NX Daemon Server] - 2024-09-08T15:00:57.200Z - Started listening on: /var/folders/fp/n_sbkwd90b1bkply58dggyw80000gn/T/306080f8ca2ab8e094fe/d.sock
[NX Daemon Server] - 2024-09-08T15:00:57.202Z - [WATCHER]: Subscribed to changes within: /Users/ky/Documents/repos/lobsinger-monorepo/lobsinger-workspace (native)
[NX Daemon Server] - 2024-09-08T15:00:57.203Z - Established a connection. Number of open connections: 1
[NX Daemon Server] - 2024-09-08T15:00:57.203Z - Established a connection. Number of open connections: 2
[NX Daemon Server] - 2024-09-08T15:00:57.204Z - Closed a connection. Number of open connections: 1
[NX Daemon Server] - 2024-09-08T15:00:57.205Z - [REQUEST]: Responding to the client. Shutdown initiated
[NX Daemon Server] - 2024-09-08T15:00:57.205Z - Done responding to the client Shutdown initiated
[NX Daemon Server] - 2024-09-08T15:00:57.205Z - Handled FORCE_SHUTDOWN. Handling time: 0. Response time: 0.
[NX Daemon Server] - 2024-09-08T15:00:57.206Z - Closed a connection. Number of open connections: 0
[NX Daemon Server] - 2024-09-08T15:00:57.206Z - [WATCHER]: Stopping the watcher for /Users/ky/Documents/repos/lobsinger-monorepo/lobsinger-workspace (sources)
[NX Daemon Server] - 2024-09-08T15:00:57.207Z - [WATCHER]: Stopping the watcher for /Users/ky/Documents/repos/lobsinger-monorepo/lobsinger-workspace (outputs)
[NX Daemon Server] - 2024-09-08T15:00:57.264Z - [WATCHER]: .nx/workspace-data/d/server-process.json was deleted
[NX Daemon Server] - 2024-09-08T15:00:57.264Z - [WATCHER]: Stopping the watcher for /Users/ky/Documents/repos/lobsinger-monorepo/lobsinger-workspace (sources)
[NX Daemon Server] - 2024-09-08T15:00:57.264Z - [WATCHER]: Stopping the watcher for /Users/ky/Documents/repos/lobsinger-monorepo/lobsinger-workspace (outputs)
[NX Daemon Server] - 2024-09-08T15:00:57.264Z - Server stopped because: "this process is no longer the current daemon (native)"
[NX Daemon Server] - 2024-09-08T15:01:15.591Z - Started listening on: /var/folders/fp/n_sbkwd90b1bkply58dggyw80000gn/T/306080f8ca2ab8e094fe/d.sock
[NX Daemon Server] - 2024-09-08T15:01:15.593Z - [WATCHER]: Subscribed to changes within: /Users/ky/Documents/repos/lobsinger-monorepo/lobsinger-workspace (native)
[NX Daemon Server] - 2024-09-08T15:01:15.601Z - Established a connection. Number of open connections: 1
[NX Daemon Server] - 2024-09-08T15:01:15.601Z - Established a connection. Number of open connections: 2
[NX Daemon Server] - 2024-09-08T15:01:15.601Z - Closed a connection. Number of open connections: 1
[NX Daemon Server] - 2024-09-08T15:01:15.602Z - [REQUEST]: Responding to the client. Shutdown initiated
[NX Daemon Server] - 2024-09-08T15:01:15.602Z - Done responding to the client Shutdown initiated
[NX Daemon Server] - 2024-09-08T15:01:15.602Z - Handled FORCE_SHUTDOWN. Handling time: 0. Response time: 0.
[NX Daemon Server] - 2024-09-08T15:01:15.604Z - [WATCHER]: Stopping the watcher for /Users/ky/Documents/repos/lobsinger-monorepo/lobsinger-workspace (sources)
[NX Daemon Server] - 2024-09-08T15:01:15.604Z - Closed a connection. Number of open connections: 0
[NX Daemon Server] - 2024-09-08T15:01:15.604Z - [WATCHER]: Stopping the watcher for /Users/ky/Documents/repos/lobsinger-monorepo/lobsinger-workspace (outputs)
[NX Daemon Server] - 2024-09-08T15:01:38.587Z - Started listening on: /var/folders/fp/n_sbkwd90b1bkply58dggyw80000gn/T/306080f8ca2ab8e094fe/d.sock
[NX Daemon Server] - 2024-09-08T15:01:38.589Z - [WATCHER]: Subscribed to changes within: /Users/ky/Documents/repos/lobsinger-monorepo/lobsinger-workspace (native)
[NX Daemon Server] - 2024-09-08T15:01:38.589Z - Established a connection. Number of open connections: 1
[NX Daemon Server] - 2024-09-08T15:01:38.590Z - Established a connection. Number of open connections: 2
[NX Daemon Server] - 2024-09-08T15:01:38.590Z - Closed a connection. Number of open connections: 1
[NX Daemon Server] - 2024-09-08T15:01:38.591Z - [REQUEST]: Client Request for Project Graph Received
[NX Daemon Server] - 2024-09-08T15:01:38.597Z - Established a connection. Number of open connections: 2
[NX Daemon Server] - 2024-09-08T15:01:38.597Z - Closed a connection. Number of open connections: 1
[NX Daemon Server] - 2024-09-08T15:01:38.598Z - Established a connection. Number of open connections: 2
[NX Daemon Server] - 2024-09-08T15:01:38.598Z - [REQUEST]: Responding to the client. Shutdown initiated
[NX Daemon Server] - 2024-09-08T15:01:38.599Z - Done responding to the client Shutdown initiated
[NX Daemon Server] - 2024-09-08T15:01:38.599Z - Handled FORCE_SHUTDOWN. Handling time: 0. Response time: 1.
[NX Daemon Server] - 2024-09-08T15:01:38.599Z - [WATCHER]: Stopping the watcher for /Users/ky/Documents/repos/lobsinger-monorepo/lobsinger-workspace (sources)
[NX Daemon Server] - 2024-09-08T15:01:38.599Z - Closed a connection. Number of open connections: 1
[NX Daemon Server] - 2024-09-08T15:01:38.599Z - Closed a connection. Number of open connections: 0
[NX Daemon Server] - 2024-09-08T15:01:38.599Z - [WATCHER]: Stopping the watcher for /Users/ky/Documents/repos/lobsinger-monorepo/lobsinger-workspace (outputs)
[NX Daemon Server] - 2024-09-08T15:01:38.696Z - Started listening on: /var/folders/fp/n_sbkwd90b1bkply58dggyw80000gn/T/306080f8ca2ab8e094fe/d.sock
[NX Daemon Server] - 2024-09-08T15:01:38.699Z - [WATCHER]: Subscribed to changes within: /Users/ky/Documents/repos/lobsinger-monorepo/lobsinger-workspace (native)
[NX Daemon Server] - 2024-09-08T15:01:38.916Z - [REQUEST]: Updated workspace context based on watched changes, recomputing project graph...
[NX Daemon Server] - 2024-09-08T15:01:38.916Z - [REQUEST]: 
[NX Daemon Server] - 2024-09-08T15:01:38.916Z - [REQUEST]: 
[NX Daemon Server] - 2024-09-08T15:01:38.958Z - [SYNC]: collect registered sync generators
[NX Daemon Server] - 2024-09-08T15:01:38.958Z - [SYNC]: scheduling: []
[NX Daemon Server] - 2024-09-08T15:01:46.314Z - [WATCHER]: package.json was modified
[NX Daemon Server] - 2024-09-08T15:01:46.314Z - [WATCHER]: Processing file changes in outputs
[NX Daemon Server] - 2024-09-08T15:01:46.516Z - [REQUEST]: Updated workspace context based on watched changes, recomputing project graph...
[NX Daemon Server] - 2024-09-08T15:01:46.516Z - [REQUEST]: package.json
[NX Daemon Server] - 2024-09-08T15:01:46.516Z - [REQUEST]: 
[NX Daemon Server] - 2024-09-08T15:01:46.550Z - [SYNC]: collect registered sync generators
[NX Daemon Server] - 2024-09-08T15:01:46.551Z - [SYNC]: project graph hash is the same, not collecting task sync generators
[NX Daemon Server] - 2024-09-08T15:01:46.551Z - [SYNC]: nx.json hash is the same, not collecting global sync generators
[NX Daemon Server] - 2024-09-08T15:01:46.551Z - [SYNC]: scheduling: []
[NX Daemon Server] - 2024-09-08T15:01:50.567Z - [WATCHER]: Processing file changes in outputs
[NX Daemon Server] - 2024-09-08T15:01:50.567Z - [WATCHER]: Stopping the watcher for /Users/ky/Documents/repos/lobsinger-monorepo/lobsinger-workspace (sources)
[NX Daemon Server] - 2024-09-08T15:01:50.568Z - [WATCHER]: Stopping the watcher for /Users/ky/Documents/repos/lobsinger-monorepo/lobsinger-workspace (outputs)
[NX Daemon Server] - 2024-09-08T15:01:50.568Z - Server stopped because: "LOCK_FILES_CHANGED"
